<?xml version="1.0" encoding="UTF-8"?>
<!-- Generated by org.testng.reporters.JUnitXMLReporter -->
<testsuite ignored="0" hostname="Muhammad-Furqan" failures="1" tests="4" name="Login Test" time="3.157" errors="0" timestamp="2021-02-16T18:59:13 PKT">
  <testcase classname="Setup.cc.SetuP$setup" name="login_test" time="0.0">
    <skipped/>
  </testcase> <!-- login_test -->
  <testcase classname="Setup.cc.SetuP$setup" name="Signup" time="0.028"/>
  <testcase classname="Setup.cc.SetuP$setup" name="Home_Page" time="0.008">
    <failure type="java.lang.AssertionError" message="The following asserts failed:
	My name  uashdjk vhafildshli fdasilhiusf hdaih iihuhsfdai hiasfhd hisdufh  expected [Google.com] but found [Yahoo.com]">
      <![CDATA[java.lang.AssertionError: The following asserts failed:
My name  uashdjk vhafildshli fdasilhiusf hdaih iihuhsfdai hiasfhd hisdufh  expected [Google.com] but found [Yahoo.com]
at Pages.cc.HomePage.CheckAll_the_Element(HomePage.java:35)
at Setup.cc.SetuP$setup.Home_Page(SetuP.java:50)
at java.base/java.util.ArrayList.forEach(ArrayList.java:1511)
... Removed 29 stack frames]]>
    </failure>
  </testcase> <!-- Home_Page -->
  <testcase classname="Setup.cc.SetuP$setup" name="AddAppinment_page" time="0.004"/>
</testsuite> <!-- Login Test -->
